#
# A fatal error has been detected by the Java Runtime Environment:
#
#  EXCEPTION_ACCESS_VIOLATION (0xc0000005) at pc=0x00007ff938d93f46, pid=22144, tid=20440
#
# JRE version: Java(TM) SE Runtime Environment (18.0+36) (build 18+36-2087)
# Java VM: Java HotSpot(TM) 64-Bit Server VM (18+36-2087, mixed mode, emulated-client, sharing, tiered, compressed oops, compressed class ptrs, g1 gc, windows-amd64)
# Problematic frame:
# V  [jvm.dll+0x323f46]
#
# No core dump will be written. Minidumps are not enabled by default on client versions of Windows
#
# If you would like to submit a bug report, please visit:
#   https://bugreport.java.com/bugreport/crash.jsp
#

---------------  S U M M A R Y ------------

Command Line: -XX:+ShowCodeDetailsInExceptionMessages -agentlib:jdwp=transport=dt_socket,suspend=y,address=localhost:15394 -Dcom.sun.management.jmxremote -Dcom.sun.management.jmxremote.port=27072 -Dcom.sun.management.jmxremote.authenticate=false -Dcom.sun.management.jmxremote.ssl=false -Djava.rmi.server.hostname=localhost -Dspring.jmx.enabled=true -Dspring.application.admin.enabled=true -XX:TieredStopAtLevel=1 -Dspring.boot.project.name=TB4 -javaagent:C:\Users\Pingorocho\eclipse\jee-2022-03\eclipse\configuration\org.eclipse.osgi\1390\0\.cp\lib\javaagent-shaded.jar -Dfile.encoding=UTF-8 pe.edu.upc.Demo1Application

Host: AMD Ryzen 5 2600X Six-Core Processor           , 12 cores, 15G,  Windows 10 , 64 bit Build 19041 (10.0.19041.1741)
Time: Mon Jun 27 08:56:43 2022 Hora de verano del Centro elapsed time: 6411.444311 seconds (0d 1h 46m 51s)

---------------  T H R E A D  ---------------

Current thread (0x000001bdab96a0f0):  WorkerThread "GC Thread#4" [stack: 0x0000008e14f00000,0x0000008e15000000] [id=20440]

Stack: [0x0000008e14f00000,0x0000008e15000000],  sp=0x0000008e14ffdd80,  free space=1015k
Native frames: (J=compiled Java code, j=interpreted, Vv=VM code, C=native code)
V  [jvm.dll+0x323f46]
V  [jvm.dll+0x335c28]
V  [jvm.dll+0x2e602b]
V  [jvm.dll+0x2e5ac4]
V  [jvm.dll+0x2e5a55]
V  [jvm.dll+0x7a38b6]
V  [jvm.dll+0x7a3749]
V  [jvm.dll+0x7a3d20]
V  [jvm.dll+0x33624c]
V  [jvm.dll+0x3360e5]
V  [jvm.dll+0x33e704]
V  [jvm.dll+0x33e87b]
V  [jvm.dll+0x81f2b4]
V  [jvm.dll+0x79fbba]
V  [jvm.dll+0x696ef5]
C  [ucrtbase.dll+0x21bb2]
C  [KERNEL32.DLL+0x17034]
C  [ntdll.dll+0x52651]

JavaThread 0x000001bdab722330 (nid = 7740) was being processed
Java frames: (J=compiled Java code, j=interpreted, Vv=VM code)
j  java.lang.invoke.DirectMethodHandle$Holder.newInvokeSpecial(Ljava/lang/Object;)Ljava/lang/Object;+15 java.base@18
J 1751 c1 jdk.internal.reflect.DirectConstructorHandleAccessor.newInstance([Ljava/lang/Object;)Ljava/lang/Object; java.base@18 (148 bytes) @ 0x000001bd9794078c [0x000001bd97940340+0x000000000000044c]
J 1750 c1 java.lang.reflect.Constructor.newInstanceWithCaller([Ljava/lang/Object;ZLjava/lang/Class;)Ljava/lang/Object; java.base@18 (51 bytes) @ 0x000001bd9793ec7c [0x000001bd9793ebc0+0x00000000000000bc]
J 3036 c1 org.springframework.beans.BeanUtils.instantiateClass(Ljava/lang/reflect/Constructor;[Ljava/lang/Object;)Ljava/lang/Object; (95 bytes) @ 0x000001bd97c0145c [0x000001bd97c013c0+0x000000000000009c]
J 9230 c1 org.springframework.beans.factory.support.SimpleInstantiationStrategy.instantiate(Lorg/springframework/beans/factory/support/RootBeanDefinition;Ljava/lang/String;Lorg/springframework/beans/factory/BeanFactory;)Ljava/lang/Object; (152 bytes) @ 0x000001bd98678e7c [0x000001bd98678a00+0x000000000000047c]
J 9229 c1 org.springframework.beans.factory.support.AbstractAutowireCapableBeanFactory.instantiateBean(Ljava/lang/String;Lorg/springframework/beans/factory/support/RootBeanDefinition;)Lorg/springframework/beans/BeanWrapper; (81 bytes) @ 0x000001bd98677ec4 [0x000001bd98677e20+0x00000000000000a4]
J 7096 c1 org.springframework.beans.factory.support.AbstractAutowireCapableBeanFactory.createBeanInstance(Ljava/lang/String;Lorg/springframework/beans/factory/support/RootBeanDefinition;[Ljava/lang/Object;)Lorg/springframework/beans/BeanWrapper; (253 bytes) @ 0x000001bd9826b2b4 [0x000001bd9826ab20+0x0000000000000794]
J 7095 c1 org.springframework.beans.factory.support.AbstractAutowireCapableBeanFactory.doCreateBean(Ljava/lang/String;Lorg/springframework/beans/factory/support/RootBeanDefinition;[Ljava/lang/Object;)Ljava/lang/Object; (507 bytes) @ 0x000001bd9826ec14 [0x000001bd9826ea80+0x0000000000000194]
J 7094 c1 org.springframework.beans.factory.support.AbstractAutowireCapableBeanFactory.createBean(Ljava/lang/String;Lorg/springframework/beans/factory/support/RootBeanDefinition;[Ljava/lang/Object;)Ljava/lang/Object; (247 bytes) @ 0x000001bd9826ccbc [0x000001bd9826c620+0x000000000000069c]
J 7189 c1 org.springframework.beans.factory.support.AbstractBeanFactory$$Lambda$245+0x0000000800e32d78.getObject()Ljava/lang/Object; (20 bytes) @ 0x000001bd982a192c [0x000001bd982a18a0+0x000000000000008c]
J 7188 c1 org.springframework.beans.factory.support.DefaultSingletonBeanRegistry.getSingleton(Ljava/lang/String;Lorg/springframework/beans/factory/ObjectFactory;)Ljava/lang/Object; (297 bytes) @ 0x000001bd982a28a4 [0x000001bd982a23e0+0x00000000000004c4]
J 7053 c1 org.springframework.beans.factory.support.AbstractBeanFactory.doGetBean(Ljava/lang/String;Ljava/lang/Class;[Ljava/lang/Object;Z)Ljava/lang/Object; (833 bytes) @ 0x000001bd98254314 [0x000001bd98253d00+0x0000000000000614]
J 6892 c1 org.springframework.beans.factory.support.AbstractBeanFactory.getBean(Ljava/lang/String;)Ljava/lang/Object; (9 bytes) @ 0x000001bd981fcf04 [0x000001bd981fcea0+0x0000000000000064]
j  org.springframework.beans.factory.support.DefaultListableBeanFactory.preInstantiateSingletons()V+248
j  org.springframework.context.support.AbstractApplicationContext.finishBeanFactoryInitialization(Lorg/springframework/beans/factory/config/ConfigurableListableBeanFactory;)V+124
j  org.springframework.context.support.AbstractApplicationContext.refresh()V+54
j  org.springframework.boot.web.servlet.context.ServletWebServerApplicationContext.refresh()V+1
j  org.springframework.boot.SpringApplication.refresh(Lorg/springframework/context/ApplicationContext;)V+10
j  org.springframework.boot.SpringApplication.refreshContext(Lorg/springframework/context/ConfigurableApplicationContext;)V+2
j  org.springframework.boot.SpringApplication.run([Ljava/lang/String;)Lorg/springframework/context/ConfigurableApplicationContext;+118
j  org.springframework.boot.SpringApplication.run([Ljava/lang/Class;[Ljava/lang/String;)Lorg/springframework/context/ConfigurableApplicationContext;+9
j  org.springframework.boot.SpringApplication.run(Ljava/lang/Class;[Ljava/lang/String;)Lorg/springframework/context/ConfigurableApplicationContext;+9
j  pe.edu.upc.Demo1Application.main([Ljava/lang/String;)V+3
J 9442 c1 java.lang.invoke.LambdaForm$DMH+0x0000000800c06000.invokeStatic(Ljava/lang/Object;Ljava/lang/Object;)V java.base@18 (14 bytes) @ 0x000001bd983a8824 [0x000001bd983a87c0+0x0000000000000064]
J 19323 c1 java.lang.invoke.LambdaForm$MH+0x00000008015e8800.invoke(Ljava/lang/Object;Ljava/lang/Object;Ljava/lang/Object;)Ljava/lang/Object; java.base@18 (38 bytes) @ 0x000001bd996a8bbc [0x000001bd996a8ac0+0x00000000000000fc]
J 2415 c1 java.lang.reflect.Method.invoke(Ljava/lang/Object;[Ljava/lang/Object;)Ljava/lang/Object; java.base@18 (108 bytes) @ 0x000001bd97a7bcb4 [0x000001bd97a7b2a0+0x0000000000000a14]
j  org.springframework.boot.devtools.restart.RestartLauncher.run()V+41
v  ~StubRoutines::call_stub

siginfo: EXCEPTION_ACCESS_VIOLATION (0xc0000005), reading address 0xffffffffffffffff


Register to memory mapping:

RIP=0x00007ff938d93f46 jvm.dll
RAX=0x6e6174736e6f4363 is an unknown value
RBX=0x0 is NULL
RCX=0x0 is NULL
RDX=0x00000000000470ac is an unknown value
RSP=0x0000008e14ffdd80 points into unknown readable memory: 0x0000000000000008 | 08 00 00 00 00 00 00 00
RBP=0x0 is NULL
RSI=0x0000008e14ffe110 points into unknown readable memory: 0x0000008e158fd9f8 | f8 d9 8f 15 8e 00 00 00
RDI=0x0000008e158fda00 is pointing into the stack for thread: 0x000001bdab722330
R8 =0x0000008e158fda00 is pointing into the stack for thread: 0x000001bdab722330
R9 =0x000000000dbd7e00 is an unknown value
R10=0x0000008e158fda00 is pointing into the stack for thread: 0x000001bdab722330
R11=0x0000008e14ffdfc8 points into unknown readable memory: 0x00007ff938d55ac4 | c4 5a d5 38 f9 7f 00 00
R12=0x000000000dbd7e00 is an unknown value
R13=0x00000008006debdf is pointing into metadata
R14=0x0000008e158fda00 is pointing into the stack for thread: 0x000001bdab722330
R15=0x000001bdae697d00 points into unknown readable memory: 0x00007ff939394610 | 10 46 39 39 f9 7f 00 00


Registers:
RAX=0x6e6174736e6f4363, RBX=0x0000000000000000, RCX=0x0000000000000000, RDX=0x00000000000470ac
RSP=0x0000008e14ffdd80, RBP=0x0000000000000000, RSI=0x0000008e14ffe110, RDI=0x0000008e158fda00
R8 =0x0000008e158fda00, R9 =0x000000000dbd7e00, R10=0x0000008e158fda00, R11=0x0000008e14ffdfc8
R12=0x000000000dbd7e00, R13=0x00000008006debdf, R14=0x0000008e158fda00, R15=0x000001bdae697d00
RIP=0x00007ff938d93f46, EFLAGS=0x0000000000010216

Top of Stack: (sp=0x0000008e14ffdd80)
0x0000008e14ffdd80:   0000000000000008 0000000000000000
0x0000008e14ffdd90:   0000000000000322 00007ff9390f7188
0x0000008e14ffdda0:   0000000000000322 000001bdadc005d0
0x0000008e14ffddb0:   6e6174736e6f4363 00007ff9391808f0
0x0000008e14ffddc0:   0000008e158fda00 0000000000000000
0x0000008e14ffddd0:   000001bdac968ba8 0000000000000003
0x0000008e14ffdde0:   0000000000000003 000001bdab9a7150
0x0000008e14ffddf0:   0000000000000000 0000008e158fda00
0x0000008e14ffde00:   0000008e14ffe110 0000008e14ffdf50
0x0000008e14ffde10:   000001bdac968ba8 00007ff938da5c28
0x0000008e14ffde20:   0000008e14ff0000 0000008e14ff0008
0x0000008e14ffde30:   0000000800440068 0000008e158fda00
0x0000008e14ffde40:   000001bdac968ba8 00007ff938d5602b
0x0000008e14ffde50:   0000000000000001 00000008004f5618
0x0000008e14ffde60:   000001bdac968ba8 00007ff9390e1870
0x0000008e14ffde70:   0000000000000001 00000008000c8c30 

Instructions: (pc=0x00007ff938d93f46)
0x00007ff938d93e46:   c3 48 8b 5c 24 40 48 8b 6c 24 48 48 8b 74 24 50
0x00007ff938d93e56:   48 83 c4 20 41 5f 41 5e 5f c3 40 53 55 56 57 41
0x00007ff938d93e66:   54 41 55 41 56 41 57 48 83 ec 58 80 3d c1 fb 80
0x00007ff938d93e76:   00 00 49 8b f9 4d 8b f0 0f b7 da 4c 8b f9 74 16
0x00007ff938d93e86:   45 8b 68 08 8b 0d 10 bb 79 00 49 d3 e5 4c 03 2d
0x00007ff938d93e96:   fe ba 79 00 eb 04 4d 8b 68 08 49 8b d5 49 8b ce
0x00007ff938d93ea6:   e8 95 0e ea ff 4c 8b e0 48 89 bc 24 b8 00 00 00
0x00007ff938d93eb6:   33 c0 8b e8 0f b7 c3 66 c1 e8 08 66 89 84 24 a0
0x00007ff938d93ec6:   00 00 00 84 c0 75 3f 40 0f b6 cf f6 d1 f6 c1 01
0x00007ff938d93ed6:   75 05 48 8b ef eb 15 48 8d 54 24 40 48 8d 8c 24
0x00007ff938d93ee6:   b8 00 00 00 e8 b1 fb 2f 00 48 8b 28 48 c1 ed 03
0x00007ff938d93ef6:   83 e5 0f 41 3b af 78 01 00 00 73 0a 66 89 9c 24
0x00007ff938d93f06:   a8 00 00 00 eb 12 66 c7 84 24 a8 00 00 00 00 01
0x00007ff938d93f16:   0f b7 9c 24 a8 00 00 00 49 8b 47 08 49 8b d6 66
0x00007ff938d93f26:   c1 eb 08 8b 88 48 02 00 00 48 8b 80 38 02 00 00
0x00007ff938d93f36:   48 d3 ea 48 0f be cb 48 8b 04 d0 48 89 44 24 30
0x00007ff938d93f46:   44 8b 80 b0 00 00 00 49 8b 47 70 44 89 84 24 b0
0x00007ff938d93f56:   00 00 00 48 8b 54 c8 10 84 db 75 04 4a 8d 14 c2
0x00007ff938d93f66:   48 8b 0a 48 8b 71 38 48 8b 41 40 48 2b c6 48 c1
0x00007ff938d93f76:   e8 03 49 3b c4 72 0d 4a 8d 04 e6 48 89 41 38 48
0x00007ff938d93f86:   85 f6 75 3d 44 89 44 24 28 48 8d 94 24 a8 00 00
0x00007ff938d93f96:   00 4d 8b c6 89 6c 24 20 4d 8b cc 49 8b cf e8 87
0x00007ff938d93fa6:   fa ff ff 48 8b f0 48 85 c0 75 16 4d 8b cc 4c 8b
0x00007ff938d93fb6:   c7 49 8b d6 49 8b cf e8 3e 07 00 00 e9 69 03 00
0x00007ff938d93fc6:   00 48 8d 0d 32 c0 cd ff 49 83 fc 08 77 4d 42 8b
0x00007ff938d93fd6:   84 a1 44 43 32 00 48 03 c1 ff e0 49 8b 46 38 48
0x00007ff938d93fe6:   89 46 38 49 8b 46 30 48 89 46 30 49 8b 46 28 48
0x00007ff938d93ff6:   89 46 28 49 8b 46 20 48 89 46 20 49 8b 46 18 48
0x00007ff938d94006:   89 46 18 49 8b 46 10 48 89 46 10 49 8b 46 08 48
0x00007ff938d94016:   89 46 08 49 8b 06 48 89 06 eb 13 4e 8d 04 e5 00
0x00007ff938d94026:   00 00 00 49 8b d6 48 8b ce e8 0c a9 52 00 48 8b
0x00007ff938d94036:   ce 48 8b c7 48 83 c9 03 f0 49 0f b1 0e 48 8b d8 


Stack slot to memory mapping:
stack at sp + 0 slots: 0x0000000000000008 is an unknown value
stack at sp + 1 slots: 0x0 is NULL
stack at sp + 2 slots: 0x0000000000000322 is an unknown value
stack at sp + 3 slots: 0x00007ff9390f7188 jvm.dll
stack at sp + 4 slots: 0x0000000000000322 is an unknown value
stack at sp + 5 slots: 0x000001bdadc005d0 points into unknown readable memory: 0x000001bdae0b3220 | 20 32 0b ae bd 01 00 00
stack at sp + 6 slots: 0x6e6174736e6f4363 is an unknown value
stack at sp + 7 slots: 0x00007ff9391808f0 jvm.dll


---------------  P R O C E S S  ---------------

Threads class SMR info:
_java_thread_list=0x000001bdae8e6660, length=36, elements={
0x000001bda6af7b60, 0x000001bda6afcfc0, 0x000001bda6b139d0, 0x000001bda6b15290,
0x000001bda6b18840, 0x000001bda6b1c580, 0x000001bda6b24480, 0x000001bda6b24eb0,
0x000001bda6b8d880, 0x000001bdaae258f0, 0x000001bdaae26590, 0x000001bdaae26c60,
0x000001bdab81b790, 0x000001bdab8c6e80, 0x000001bdab8c4810, 0x000001bdab8f6030,
0x000001bdac3ce240, 0x000001bdac3cdd70, 0x000001bdac3d0d90, 0x000001bdae254740,
0x000001bdab720650, 0x000001bdab71e970, 0x000001bdab71cc90, 0x000001bdab71d630,
0x000001bdab721e60, 0x000001bdac3cf580, 0x000001bdac3d08c0, 0x000001bdac3cfa50,
0x000001bdab71ee40, 0x000001bdab722330, 0x000001bdab71db00, 0x000001bdab71dfd0,
0x000001bdab720ff0, 0x000001bdab722800, 0x000001bdab71e4a0, 0x000001bdae9ea070
}

Java Threads: ( => current thread )
  0x000001bda6af7b60 JavaThread "Reference Handler" daemon [_thread_blocked, id=11288, stack(0x0000008e13800000,0x0000008e13900000)]
  0x000001bda6afcfc0 JavaThread "Finalizer" daemon [_thread_blocked, id=20820, stack(0x0000008e13900000,0x0000008e13a00000)]
  0x000001bda6b139d0 JavaThread "Signal Dispatcher" daemon [_thread_blocked, id=3640, stack(0x0000008e13a00000,0x0000008e13b00000)]
  0x000001bda6b15290 JavaThread "Attach Listener" daemon [_thread_blocked, id=14264, stack(0x0000008e13b00000,0x0000008e13c00000)]
  0x000001bda6b18840 JavaThread "Service Thread" daemon [_thread_blocked, id=19504, stack(0x0000008e13c00000,0x0000008e13d00000)]
  0x000001bda6b1c580 JavaThread "Monitor Deflation Thread" daemon [_thread_blocked, id=20556, stack(0x0000008e13d00000,0x0000008e13e00000)]
  0x000001bda6b24480 JavaThread "C1 CompilerThread0" daemon [_thread_blocked, id=14860, stack(0x0000008e13e00000,0x0000008e13f00000)]
  0x000001bda6b24eb0 JavaThread "Sweeper thread" daemon [_thread_blocked, id=7876, stack(0x0000008e13f00000,0x0000008e14000000)]
  0x000001bda6b8d880 JavaThread "Common-Cleaner" daemon [_thread_blocked, id=16668, stack(0x0000008e14000000,0x0000008e14100000)]
  0x000001bdaae258f0 JavaThread "JDWP Transport Listener: dt_socket" daemon [_thread_blocked, id=13960, stack(0x0000008e14200000,0x0000008e14300000)]
  0x000001bdaae26590 JavaThread "JDWP Event Helper Thread" daemon [_thread_blocked, id=10336, stack(0x0000008e14300000,0x0000008e14400000)]
  0x000001bdaae26c60 JavaThread "JDWP Command Reader" daemon [_thread_in_native, id=5720, stack(0x0000008e14400000,0x0000008e14500000)]
  0x000001bdab81b790 JavaThread "Notification Thread" daemon [_thread_blocked, id=11960, stack(0x0000008e14700000,0x0000008e14800000)]
  0x000001bdab8c6e80 JavaThread "RMI TCP Accept-0" daemon [_thread_in_native, id=6712, stack(0x0000008e14800000,0x0000008e14900000)]
  0x000001bdab8c4810 JavaThread "RMI TCP Accept-27072" daemon [_thread_in_native, id=7632, stack(0x0000008e14900000,0x0000008e14a00000)]
  0x000001bdab8f6030 JavaThread "RMI TCP Accept-0" daemon [_thread_in_native, id=20456, stack(0x0000008e14a00000,0x0000008e14b00000)]
  0x000001bdac3ce240 JavaThread "RMI Scheduler(0)" daemon [_thread_blocked, id=18040, stack(0x0000008e15a00000,0x0000008e15b00000)]
  0x000001bdac3cdd70 JavaThread "JMX server connection timeout 29" daemon [_thread_blocked, id=20124, stack(0x0000008e15c00000,0x0000008e15d00000)]
  0x000001bdac3d0d90 JavaThread "Live Reload Server" daemon [_thread_in_native, id=13260, stack(0x0000008e16700000,0x0000008e16800000)]
  0x000001bdae254740 JavaThread "DestroyJavaVM" [_thread_blocked, id=17872, stack(0x0000008e13100000,0x0000008e13200000)]
  0x000001bdab720650 JavaThread "RMI TCP Connection(idle)" daemon [_thread_blocked, id=15756, stack(0x0000008e17100000,0x0000008e17200000)]
  0x000001bdab71e970 JavaThread "File Watcher" daemon [_thread_blocked, id=10900, stack(0x0000008e14100000,0x0000008e14200000)]
  0x000001bdab71cc90 JavaThread "File Watcher" daemon [_thread_blocked, id=6428, stack(0x0000008e14500000,0x0000008e14600000)]
  0x000001bdab71d630 JavaThread "File Watcher" daemon [_thread_blocked, id=1392, stack(0x0000008e12f00000,0x0000008e13000000)]
  0x000001bdab721e60 JavaThread "File Watcher" daemon [_thread_blocked, id=20112, stack(0x0000008e14600000,0x0000008e14700000)]
  0x000001bdac3cf580 JavaThread "RMI TCP Connection(idle)" daemon [_thread_blocked, id=15648, stack(0x0000008e17400000,0x0000008e17500000)]
  0x000001bdac3d08c0 JavaThread "RMI TCP Connection(idle)" daemon [_thread_blocked, id=20164, stack(0x0000008e17500000,0x0000008e17600000)]
  0x000001bdac3cfa50 JavaThread "RMI TCP Connection(189)-127.0.0.1" daemon [_thread_in_native, id=4036, stack(0x0000008e17600000,0x0000008e17700000)]
  0x000001bdab71ee40 JavaThread "Thread-238" [_thread_blocked, id=14496, stack(0x0000008e15700000,0x0000008e15800000)]
  0x000001bdab722330 JavaThread "restartedMain" [_thread_blocked, id=7740, stack(0x0000008e15800000,0x0000008e15900000)]
  0x000001bdab71db00 JavaThread "Catalina-utility-1" [_thread_blocked, id=21260, stack(0x0000008e15900000,0x0000008e15a00000)]
  0x000001bdab71dfd0 JavaThread "Catalina-utility-2" [_thread_blocked, id=19108, stack(0x0000008e15b00000,0x0000008e15c00000)]
  0x000001bdab720ff0 JavaThread "container-4" [_thread_blocked, id=17816, stack(0x0000008e15f00000,0x0000008e16000000)]
  0x000001bdab722800 JavaThread "PostgreSQL-JDBC-SharedTimer-39" daemon [_thread_blocked, id=20404, stack(0x0000008e16000000,0x0000008e16100000)]
  0x000001bdab71e4a0 JavaThread "HikariPool-37 housekeeper" daemon [_thread_blocked, id=15072, stack(0x0000008e16100000,0x0000008e16200000)]
  0x000001bdae9ea070 JavaThread "C1 CompilerThread1" daemon [_thread_blocked, id=3088, stack(0x0000008e16300000,0x0000008e16400000)]

Other Threads:
  0x000001bda6af34a0 VMThread "VM Thread" [stack: 0x0000008e13700000,0x0000008e13800000] [id=16516]
  0x000001bd8fa940a0 WatcherThread "VM Periodic Task Thread" [stack: 0x0000008e14b00000,0x0000008e14c00000] [id=21528]
  0x000001bd8fb03740 WorkerThread "GC Thread#0" [stack: 0x0000008e13200000,0x0000008e13300000] [id=8624]
  0x000001bdab999d30 WorkerThread "GC Thread#1" [stack: 0x0000008e14c00000,0x0000008e14d00000] [id=2276]
  0x000001bdab8ff700 WorkerThread "GC Thread#2" [stack: 0x0000008e14d00000,0x0000008e14e00000] [id=6212]
  0x000001bdaba208f0 WorkerThread "GC Thread#3" [stack: 0x0000008e14e00000,0x0000008e14f00000] [id=19428]
=>0x000001bdab96a0f0 WorkerThread "GC Thread#4" [stack: 0x0000008e14f00000,0x0000008e15000000] [id=20440]
  0x000001bdab96a390 WorkerThread "GC Thread#5" [stack: 0x0000008e15000000,0x0000008e15100000] [id=18528]
  0x000001bdabab6310 WorkerThread "GC Thread#6" [stack: 0x0000008e15100000,0x0000008e15200000] [id=21496]
  0x000001bdabab69c0 WorkerThread "GC Thread#7" [stack: 0x0000008e15200000,0x0000008e15300000] [id=18860]
  0x000001bdabab7890 WorkerThread "GC Thread#8" [stack: 0x0000008e15300000,0x0000008e15400000] [id=14376]
  0x000001bdabab7b30 WorkerThread "GC Thread#9" [stack: 0x0000008e15400000,0x0000008e15500000] [id=19004]
  0x000001bd8fb15c00 ConcurrentGCThread "G1 Main Marker" [stack: 0x0000008e13300000,0x0000008e13400000] [id=3388]
  0x000001bd8fb16500 WorkerThread "G1 Conc#0" [stack: 0x0000008e13400000,0x0000008e13500000] [id=14424]
  0x000001bdac218210 WorkerThread "G1 Conc#1" [stack: 0x0000008e15d00000,0x0000008e15e00000] [id=20064]
  0x000001bdac217cd0 WorkerThread "G1 Conc#2" [stack: 0x0000008e15e00000,0x0000008e15f00000] [id=13168]
  0x000001bd8fb4ec10 ConcurrentGCThread "G1 Refine#0" [stack: 0x0000008e13500000,0x0000008e13600000] [id=10508]
  0x000001bdabab9430 ConcurrentGCThread "G1 Refine#1" [stack: 0x0000008e15500000,0x0000008e15600000] [id=14956]
  0x000001bdad897030 ConcurrentGCThread "G1 Refine#2" [stack: 0x0000008e16400000,0x0000008e16500000] [id=21744]
  0x000001bda69b16c0 ConcurrentGCThread "G1 Service" [stack: 0x0000008e13600000,0x0000008e13700000] [id=18012]

Threads with active compile tasks:

VM state: at safepoint (normal execution)

VM Mutex/Monitor currently owned by a thread:  ([mutex/lock_event])
[0x000001bd8fa8c740] Threads_lock - owner thread: 0x000001bda6af34a0
[0x000001bd8fa8b9c0] Heap_lock - owner thread: 0x000001bdab71cc90

Heap address: 0x0000000701200000, size: 4078 MB, Compressed Oops mode: Zero based, Oop shift amount: 3

CDS archive(s) mapped at: [0x0000000800000000-0x0000000800ba0000-0x0000000800ba0000), size 12189696, SharedBaseAddress: 0x0000000800000000, ArchiveRelocationMode: 0.
Compressed class space mapped at: 0x0000000800c00000-0x0000000840c00000, reserved size: 1073741824
Narrow klass base: 0x0000000800000000, Narrow klass shift: 0, Narrow klass range: 0x100000000

GC Precious Log:
 CardTable entry size: 512
 Card Set container configuration: InlinePtr #cards 4 size 8 Array Of Cards #cards 16 size 48 Howl #buckets 8 coarsen threshold 3686 Howl Bitmap #cards 512 size 80 coarsen threshold 460 Card regions per heap region 1 cards per card region 4096
 CPUs: 12 total, 12 available
 Memory: 16310M
 Large Page Support: Disabled
 NUMA Support: Disabled
 Compressed Oops: Enabled (Zero based)
 Heap Region Size: 2M
 Heap Min Capacity: 8M
 Heap Initial Capacity: 256M
 Heap Max Capacity: 4078M
 Pre-touch: Disabled
 Parallel Workers: 10
 Concurrent Workers: 3
 Concurrent Refinement Workers: 10
 Periodic GC: Disabled

Heap:
 garbage-first heap   total 116736K, used 90024K [0x0000000701200000, 0x0000000800000000)
  region size 2048K, 21 young (43008K), 1 survivors (2048K)
 Metaspace       used 90327K, committed 91520K, reserved 1179648K
  class space    used 11153K, committed 11712K, reserved 1048576K

Heap Regions: E=young(eden), S=young(survivor), O=old, HS=humongous(starts), HC=humongous(continues), CS=collection set, F=free, OA=open archive, CA=closed archive, TAMS=top-at-mark-start (previous, next)
|   0|0x0000000701200000, 0x00000007013ffff0, 0x0000000701400000| 99%| O|  |TAMS 0x00000007013ffff0, 0x0000000701200000| Untracked 
|   1|0x0000000701400000, 0x00000007015ffff8, 0x0000000701600000| 99%| O|  |TAMS 0x00000007015ffff8, 0x0000000701400000| Untracked 
|   2|0x0000000701600000, 0x00000007017ffff8, 0x0000000701800000| 99%| O|  |TAMS 0x00000007017ffff8, 0x0000000701600000| Untracked 
|   3|0x0000000701800000, 0x00000007019ffff0, 0x0000000701a00000| 99%| O|  |TAMS 0x00000007019ffff0, 0x0000000701800000| Untracked 
|   4|0x0000000701a00000, 0x0000000701c00000, 0x0000000701c00000|100%| O|  |TAMS 0x0000000701c00000, 0x0000000701a00000| Untracked 
|   5|0x0000000701c00000, 0x0000000701dffff8, 0x0000000701e00000| 99%| O|  |TAMS 0x0000000701dffff8, 0x0000000701c00000| Untracked 
|   6|0x0000000701e00000, 0x0000000701ffffe8, 0x0000000702000000| 99%| O|  |TAMS 0x0000000701ffffe8, 0x0000000701e00000| Untracked 
|   7|0x0000000702000000, 0x0000000702200000, 0x0000000702200000|100%| O|  |TAMS 0x0000000702200000, 0x0000000702000000| Untracked 
|   8|0x0000000702200000, 0x00000007023ffff0, 0x0000000702400000| 99%| O|  |TAMS 0x00000007023ffff0, 0x0000000702200000| Untracked 
|   9|0x0000000702400000, 0x00000007025ffff8, 0x0000000702600000| 99%| O|  |TAMS 0x00000007025ffff8, 0x0000000702400000| Untracked 
|  10|0x0000000702600000, 0x0000000702800000, 0x0000000702800000|100%| O|  |TAMS 0x0000000702800000, 0x0000000702600000| Untracked 
|  11|0x0000000702800000, 0x00000007029fffe0, 0x0000000702a00000| 99%| O|  |TAMS 0x00000007029fffe0, 0x0000000702800000| Untracked 
|  12|0x0000000702a00000, 0x0000000702bfffc8, 0x0000000702c00000| 99%| O|  |TAMS 0x0000000702bfffc8, 0x0000000702a00000| Untracked 
|  13|0x0000000702c00000, 0x0000000702dff8a0, 0x0000000702e00000| 99%| O|  |TAMS 0x0000000702dff8a0, 0x0000000702c00000| Untracked 
|  14|0x0000000702e00000, 0x0000000702ffff90, 0x0000000703000000| 99%| O|  |TAMS 0x0000000702ffff90, 0x0000000702e00000| Untracked 
|  15|0x0000000703000000, 0x00000007031ffff8, 0x0000000703200000| 99%| O|  |TAMS 0x00000007031ffff8, 0x0000000703000000| Untracked 
|  16|0x0000000703200000, 0x00000007032afc20, 0x0000000703400000| 34%| O|  |TAMS 0x00000007032afc20, 0x0000000703200000| Untracked 
|  17|0x0000000703400000, 0x0000000703548f48, 0x0000000703600000| 64%| O|  |TAMS 0x0000000703548f48, 0x0000000703400000| Untracked 
|  18|0x0000000703600000, 0x00000007037ccaf8, 0x0000000703800000| 89%| O|  |TAMS 0x00000007037ccaf8, 0x0000000703600000| Untracked 
|  19|0x0000000703800000, 0x0000000703a00000, 0x0000000703a00000|100%| O|  |TAMS 0x0000000703a00000, 0x0000000703800000| Untracked 
|  20|0x0000000703a00000, 0x0000000703c00000, 0x0000000703c00000|100%| O|  |TAMS 0x0000000703c00000, 0x0000000703a00000| Untracked 
|  21|0x0000000703c00000, 0x0000000703e00000, 0x0000000703e00000|100%| O|  |TAMS 0x0000000703d65800, 0x0000000703c00000| Untracked 
|  22|0x0000000703e00000, 0x0000000704000000, 0x0000000704000000|100%| O|  |TAMS 0x0000000703e00000, 0x0000000703e00000| Untracked 
|  23|0x0000000704000000, 0x0000000704200000, 0x0000000704200000|100%| O|  |TAMS 0x0000000704000000, 0x0000000704000000| Untracked 
|  24|0x0000000704200000, 0x000000070430dd00, 0x0000000704400000| 52%| O|  |TAMS 0x0000000704200000, 0x0000000704200000| Untracked 
|  25|0x0000000704400000, 0x0000000704400000, 0x0000000704600000|  0%| F|  |TAMS 0x0000000704400000, 0x0000000704400000| Untracked 
|  26|0x0000000704600000, 0x0000000704600000, 0x0000000704800000|  0%| F|  |TAMS 0x0000000704600000, 0x0000000704600000| Untracked 
|  27|0x0000000704800000, 0x0000000704800000, 0x0000000704a00000|  0%| F|  |TAMS 0x0000000704800000, 0x0000000704800000| Untracked 
|  28|0x0000000704a00000, 0x0000000704a00000, 0x0000000704c00000|  0%| F|  |TAMS 0x0000000704a00000, 0x0000000704a00000| Untracked 
|  29|0x0000000704c00000, 0x0000000704c00000, 0x0000000704e00000|  0%| F|  |TAMS 0x0000000704c00000, 0x0000000704c00000| Untracked 
|  30|0x0000000704e00000, 0x0000000705000000, 0x0000000705000000|100%| E|CS|TAMS 0x0000000704e00000, 0x0000000704e00000| Complete 
|  31|0x0000000705000000, 0x0000000705000000, 0x0000000705200000|  0%| F|  |TAMS 0x0000000705000000, 0x0000000705000000| Untracked 
|  32|0x0000000705200000, 0x0000000705200000, 0x0000000705400000|  0%| F|  |TAMS 0x0000000705200000, 0x0000000705200000| Untracked 
|  33|0x0000000705400000, 0x0000000705600000, 0x0000000705600000|100%| E|CS|TAMS 0x0000000705400000, 0x0000000705400000| Complete 
|  34|0x0000000705600000, 0x0000000705800000, 0x0000000705800000|100%| E|CS|TAMS 0x0000000705600000, 0x0000000705600000| Complete 
|  35|0x0000000705800000, 0x000000070582eaa0, 0x0000000705a00000|  9%| O|  |TAMS 0x000000070582eaa0, 0x0000000705800000| Complete 
|  36|0x0000000705a00000, 0x0000000705bdbce0, 0x0000000705c00000| 92%| S|  |TAMS 0x0000000705a00000, 0x0000000705a00000| Complete 
|  37|0x0000000705c00000, 0x0000000705e00000, 0x0000000705e00000|100%| E|CS|TAMS 0x0000000705c00000, 0x0000000705c00000| Complete 
|  38|0x0000000705e00000, 0x0000000706000000, 0x0000000706000000|100%| E|CS|TAMS 0x0000000705e00000, 0x0000000705e00000| Complete 
|  39|0x0000000706000000, 0x0000000706200000, 0x0000000706200000|100%| E|CS|TAMS 0x0000000706000000, 0x0000000706000000| Complete 
|  40|0x0000000706200000, 0x0000000706400000, 0x0000000706400000|100%| E|CS|TAMS 0x0000000706200000, 0x0000000706200000| Complete 
|  41|0x0000000706400000, 0x0000000706600000, 0x0000000706600000|100%| E|CS|TAMS 0x0000000706400000, 0x0000000706400000| Complete 
|  42|0x0000000706600000, 0x0000000706800000, 0x0000000706800000|100%| E|CS|TAMS 0x0000000706600000, 0x0000000706600000| Complete 
|  43|0x0000000706800000, 0x0000000706a00000, 0x0000000706a00000|100%| E|CS|TAMS 0x0000000706800000, 0x0000000706800000| Complete 
|  44|0x0000000706a00000, 0x0000000706c00000, 0x0000000706c00000|100%| E|CS|TAMS 0x0000000706a00000, 0x0000000706a00000| Complete 
|  45|0x0000000706c00000, 0x0000000706e00000, 0x0000000706e00000|100%| E|CS|TAMS 0x0000000706c00000, 0x0000000706c00000| Complete 
|  46|0x0000000706e00000, 0x0000000707000000, 0x0000000707000000|100%| E|CS|TAMS 0x0000000706e00000, 0x0000000706e00000| Complete 
|  47|0x0000000707000000, 0x0000000707200000, 0x0000000707200000|100%| E|CS|TAMS 0x0000000707000000, 0x0000000707000000| Complete 
|  48|0x0000000707200000, 0x0000000707400000, 0x0000000707400000|100%| E|CS|TAMS 0x0000000707200000, 0x0000000707200000| Complete 
|  49|0x0000000707400000, 0x0000000707600000, 0x0000000707600000|100%| E|CS|TAMS 0x0000000707400000, 0x0000000707400000| Complete 
|  50|0x0000000707600000, 0x0000000707800000, 0x0000000707800000|100%| E|CS|TAMS 0x0000000707600000, 0x0000000707600000| Complete 
|  51|0x0000000707800000, 0x0000000707a00000, 0x0000000707a00000|100%| E|CS|TAMS 0x0000000707800000, 0x0000000707800000| Complete 
|  52|0x0000000707a00000, 0x0000000707c00000, 0x0000000707c00000|100%| E|CS|TAMS 0x0000000707a00000, 0x0000000707a00000| Complete 
|  53|0x0000000707c00000, 0x0000000707e00000, 0x0000000707e00000|100%| E|CS|TAMS 0x0000000707c00000, 0x0000000707c00000| Complete 
|  54|0x0000000707e00000, 0x0000000708000000, 0x0000000708000000|100%| E|CS|TAMS 0x0000000707e00000, 0x0000000707e00000| Complete 
|  55|0x0000000708000000, 0x0000000708200000, 0x0000000708200000|100%| E|CS|TAMS 0x0000000708000000, 0x0000000708000000| Complete 
|  56|0x0000000708200000, 0x0000000708400000, 0x0000000708400000|100%| E|CS|TAMS 0x0000000708200000, 0x0000000708200000| Complete 

Card table byte_map: [0x000001bd9aee0000,0x000001bd9b6e0000] _byte_map_base: 0x000001bd976d7000

Marking Bits (Prev, Next): (CMBitMap*) 0x000001bd8fb03c90, (CMBitMap*) 0x000001bd8fb03c50
 Prev Bits: [0x000001bd9fea0000, 0x000001bda3e58000)
 Next Bits: [0x000001bd9bee0000, 0x000001bd9fe98000)

Polling page: 0x000001bd8da60000

Metaspace:

Usage:
  Non-class:     77.32 MB used.
      Class:     10.89 MB used.
       Both:     88.21 MB used.

Virtual space:
  Non-class space:      128.00 MB reserved,      77.94 MB ( 61%) committed,  2 nodes.
      Class space:        1.00 GB reserved,      11.44 MB (  1%) committed,  1 nodes.
             Both:        1.12 GB reserved,      89.38 MB (  8%) committed. 

Chunk freelists:
   Non-Class:  1.83 MB
       Class:  400.00 KB
        Both:  2.22 MB

MaxMetaspaceSize: unlimited
CompressedClassSpaceSize: 1.00 GB
Initial GC threshold: 21.00 MB
Current GC threshold: 149.00 MB
CDS: on
MetaspaceReclaimPolicy: balanced
 - commit_granule_bytes: 65536.
 - commit_granule_words: 8192.
 - virtual_space_node_default_size: 8388608.
 - enlarge_chunks_in_place: 1.
 - new_chunks_are_fully_committed: 0.
 - uncommit_free_chunks: 1.
 - use_allocation_guard: 0.


Internal statistics:

num_allocs_failed_limit: 9.
num_arena_births: 3550.
num_arena_deaths: 2594.
num_vsnodes_births: 3.
num_vsnodes_deaths: 0.
num_space_committed: 1434.
num_space_uncommitted: 4.
num_chunks_returned_to_freelist: 3012.
num_chunks_taken_from_freelist: 8686.
num_chunk_merges: 662.
num_chunk_splits: 4547.
num_chunks_enlarged: 3222.
num_inconsistent_stats: 0.

CodeCache: size=49152Kb used=39377Kb max_used=40504Kb free=9774Kb
 bounds [0x000001bd973b0000, 0x000001bd99b40000, 0x000001bd9a3b0000]
 total_blobs=20076 nmethods=19405 adapters=595
 compilation: enabled
              stopped_count=0, restarted_count=0
 full_count=0

Compilation events (20 events):
Event: 6402.612 Thread 0x000001bda6b24480 nmethod 19654 0x000001bd998ddd10 code [0x000001bd998ddea0, 0x000001bd998ddfb8]
Event: 6402.612 Thread 0x000001bda6b24480 19657   !   1       com.zaxxer.hikari.pool.PoolBase::setupConnection (176 bytes)
Event: 6402.612 Thread 0x000001bdae9f0fd0 nmethod 19656 0x000001bd998dd910 code [0x000001bd998ddac0, 0x000001bd998ddc28]
Event: 6402.612 Thread 0x000001bdae9f0fd0 19658   !   1       com.zaxxer.hikari.pool.PoolBase::checkDriverSupport (174 bytes)
Event: 6402.612 Thread 0x000001bdae9ee240 nmethod 19655 0x000001bd998dcf90 code [0x000001bd998dd180, 0x000001bd998dd6c8]
Event: 6402.612 Thread 0x000001bdae9ee240 19659   !   1       com.zaxxer.hikari.pool.PoolBase::executeSql (153 bytes)
Event: 6402.612 Thread 0x000001bda6b24480 nmethod 19657 0x000001bd998dc510 code [0x000001bd998dc760, 0x000001bd998dcbe8]
Event: 6402.612 Thread 0x000001bda6b24480 19660       1       com.zaxxer.hikari.pool.PoolEntry::<init> (56 bytes)
Event: 6402.613 Thread 0x000001bdae9ee240 nmethod 19659 0x000001bd998dbc90 code [0x000001bd998dbea0, 0x000001bd998dc278]
Event: 6402.613 Thread 0x000001bdae9ee240 19661       1       jdk.internal.util.random.RandomSupport::boundedNextLong (68 bytes)
Event: 6402.613 Thread 0x000001bda6b24480 nmethod 19660 0x000001bd998db510 code [0x000001bd998db6c0, 0x000001bd998dbb08]
Event: 6402.613 Thread 0x000001bdae9ee240 nmethod 19661 0x000001bd998db090 code [0x000001bd998db240, 0x000001bd998db418]
Event: 6402.613 Thread 0x000001bda6b24480 19662       1       java.util.concurrent.ThreadLocalRandom::nextLong (8 bytes)
Event: 6402.613 Thread 0x000001bdae9ee240 19663       1       java.util.concurrent.ThreadLocalRandom::nextSeed (39 bytes)
Event: 6402.613 Thread 0x000001bda6b24480 nmethod 19662 0x000001bd998dad10 code [0x000001bd998daea0, 0x000001bd998dafe8]
Event: 6402.613 Thread 0x000001bda6b24480 19664       1       com.zaxxer.hikari.util.ConcurrentBag::add (64 bytes)
Event: 6402.613 Thread 0x000001bdae9ee240 nmethod 19663 0x000001bd998da990 code [0x000001bd998dab20, 0x000001bd998dac18]
Event: 6402.613 Thread 0x000001bdae9ea070 nmethod 19651 0x000001bd998d8c10 code [0x000001bd998d8fc0, 0x000001bd998da078]
Event: 6402.613 Thread 0x000001bdae9f0fd0 nmethod 19658 0x000001bd998d7c90 code [0x000001bd998d7f20, 0x000001bd998d8718]
Event: 6402.613 Thread 0x000001bda6b24480 nmethod 19664 0x000001bd998d7490 code [0x000001bd998d76a0, 0x000001bd998d7a38]

GC Heap History (20 events):
Event: 6385.066 GC heap after
{Heap after GC invocations=645 (full 31):
 garbage-first heap   total 116736K, used 41213K [0x0000000701200000, 0x0000000800000000)
  region size 2048K, 2 young (4096K), 2 survivors (4096K)
 Metaspace       used 89363K, committed 90560K, reserved 1179648K
  class space    used 11071K, committed 11648K, reserved 1048576K
}
Event: 6385.669 GC heap before
{Heap before GC invocations=645 (full 31):
 garbage-first heap   total 116736K, used 88317K [0x0000000701200000, 0x0000000800000000)
  region size 2048K, 25 young (51200K), 2 survivors (4096K)
 Metaspace       used 89610K, committed 90816K, reserved 1179648K
  class space    used 11087K, committed 11648K, reserved 1048576K
}
Event: 6385.672 GC heap after
{Heap after GC invocations=646 (full 31):
 garbage-first heap   total 116736K, used 45361K [0x0000000701200000, 0x0000000800000000)
  region size 2048K, 4 young (8192K), 4 survivors (8192K)
 Metaspace       used 89610K, committed 90816K, reserved 1179648K
  class space    used 11087K, committed 11648K, reserved 1048576K
}
Event: 6390.509 GC heap before
{Heap before GC invocations=646 (full 31):
 garbage-first heap   total 116736K, used 88369K [0x0000000701200000, 0x0000000800000000)
  region size 2048K, 25 young (51200K), 4 survivors (8192K)
 Metaspace       used 89610K, committed 90816K, reserved 1179648K
  class space    used 11087K, committed 11648K, reserved 1048576K
}
Event: 6390.512 GC heap after
{Heap after GC invocations=647 (full 31):
 garbage-first heap   total 116736K, used 46187K [0x0000000701200000, 0x0000000800000000)
  region size 2048K, 2 young (4096K), 2 survivors (4096K)
 Metaspace       used 89610K, committed 90816K, reserved 1179648K
  class space    used 11087K, committed 11648K, reserved 1048576K
}
Event: 6395.507 GC heap before
{Heap before GC invocations=647 (full 31):
 garbage-first heap   total 116736K, used 89195K [0x0000000701200000, 0x0000000800000000)
  region size 2048K, 23 young (47104K), 2 survivors (4096K)
 Metaspace       used 89610K, committed 90816K, reserved 1179648K
  class space    used 11087K, committed 11648K, reserved 1048576K
}
Event: 6395.508 GC heap after
{Heap after GC invocations=648 (full 31):
 garbage-first heap   total 116736K, used 44192K [0x0000000701200000, 0x0000000800000000)
  region size 2048K, 1 young (2048K), 1 survivors (2048K)
 Metaspace       used 89610K, committed 90816K, reserved 1179648K
  class space    used 11087K, committed 11648K, reserved 1048576K
}
Event: 6400.442 GC heap before
{Heap before GC invocations=649 (full 31):
 garbage-first heap   total 116736K, used 89248K [0x0000000701200000, 0x0000000800000000)
  region size 2048K, 23 young (47104K), 1 survivors (2048K)
 Metaspace       used 89604K, committed 90816K, reserved 1179648K
  class space    used 11086K, committed 11648K, reserved 1048576K
}
Event: 6400.443 GC heap after
{Heap after GC invocations=650 (full 31):
 garbage-first heap   total 116736K, used 45769K [0x0000000701200000, 0x0000000800000000)
  region size 2048K, 2 young (4096K), 2 survivors (4096K)
 Metaspace       used 89604K, committed 90816K, reserved 1179648K
  class space    used 11086K, committed 11648K, reserved 1048576K
}
Event: 6400.660 GC heap before
{Heap before GC invocations=650 (full 31):
 garbage-first heap   total 116736K, used 47817K [0x0000000701200000, 0x0000000800000000)
  region size 2048K, 3 young (6144K), 2 survivors (4096K)
 Metaspace       used 89604K, committed 90816K, reserved 1179648K
  class space    used 11086K, committed 11648K, reserved 1048576K
}
Event: 6400.661 GC heap after
{Heap after GC invocations=651 (full 31):
 garbage-first heap   total 116736K, used 45191K [0x0000000701200000, 0x0000000800000000)
  region size 2048K, 1 young (2048K), 1 survivors (2048K)
 Metaspace       used 89604K, committed 90816K, reserved 1179648K
  class space    used 11086K, committed 11648K, reserved 1048576K
}
Event: 6401.527 GC heap before
{Heap before GC invocations=651 (full 31):
 garbage-first heap   total 116736K, used 55431K [0x0000000701200000, 0x0000000800000000)
  region size 2048K, 7 young (14336K), 1 survivors (2048K)
 Metaspace       used 89607K, committed 90816K, reserved 1179648K
  class space    used 11087K, committed 11648K, reserved 1048576K
}
Event: 6401.574 GC heap after
{Heap after GC invocations=652 (full 32):
 garbage-first heap   total 116736K, used 36814K [0x0000000701200000, 0x0000000800000000)
  region size 2048K, 0 young (0K), 0 survivors (0K)
 Metaspace       used 89607K, committed 90816K, reserved 1179648K
  class space    used 11087K, committed 11648K, reserved 1048576K
}
Event: 6401.985 GC heap before
{Heap before GC invocations=652 (full 32):
 garbage-first heap   total 116736K, used 88014K [0x0000000701200000, 0x0000000800000000)
  region size 2048K, 26 young (53248K), 0 survivors (0K)
 Metaspace       used 89880K, committed 91072K, reserved 1179648K
  class space    used 11123K, committed 11712K, reserved 1048576K
}
Event: 6401.988 GC heap after
{Heap after GC invocations=653 (full 32):
 garbage-first heap   total 116736K, used 42569K [0x0000000701200000, 0x0000000800000000)
  region size 2048K, 3 young (6144K), 3 survivors (6144K)
 Metaspace       used 89880K, committed 91072K, reserved 1179648K
  class space    used 11123K, committed 11712K, reserved 1048576K
}
Event: 6402.435 GC heap before
{Heap before GC invocations=653 (full 32):
 garbage-first heap   total 116736K, used 89673K [0x0000000701200000, 0x0000000800000000)
  region size 2048K, 26 young (53248K), 3 survivors (6144K)
 Metaspace       used 90026K, committed 91264K, reserved 1179648K
  class space    used 11135K, committed 11712K, reserved 1048576K
}
Event: 6402.438 GC heap after
{Heap after GC invocations=654 (full 32):
 garbage-first heap   total 116736K, used 45623K [0x0000000701200000, 0x0000000800000000)
  region size 2048K, 2 young (4096K), 2 survivors (4096K)
 Metaspace       used 90026K, committed 91264K, reserved 1179648K
  class space    used 11135K, committed 11712K, reserved 1048576K
}
Event: 6405.631 GC heap before
{Heap before GC invocations=654 (full 32):
 garbage-first heap   total 116736K, used 88631K [0x0000000701200000, 0x0000000800000000)
  region size 2048K, 23 young (47104K), 2 survivors (4096K)
 Metaspace       used 90326K, committed 91520K, reserved 1179648K
  class space    used 11153K, committed 11712K, reserved 1048576K
}
Event: 6405.634 GC heap after
{Heap after GC invocations=655 (full 32):
 garbage-first heap   total 116736K, used 49064K [0x0000000701200000, 0x0000000800000000)
  region size 2048K, 3 young (6144K), 3 survivors (6144K)
 Metaspace       used 90326K, committed 91520K, reserved 1179648K
  class space    used 11153K, committed 11712K, reserved 1048576K
}
Event: 6411.432 GC heap before
{Heap before GC invocations=656 (full 32):
 garbage-first heap   total 116736K, used 90024K [0x0000000701200000, 0x0000000800000000)
  region size 2048K, 23 young (47104K), 3 survivors (6144K)
 Metaspace       used 90327K, committed 91520K, reserved 1179648K
  class space    used 11153K, committed 11712K, reserved 1048576K
}

Deoptimization events (20 events):
Event: 6402.538 Thread 0x000001bdab722330 DEOPT PACKING pc=0x000001bd987e4d24 sp=0x0000008e158fa6e0
Event: 6402.538 Thread 0x000001bdab722330 DEOPT UNPACKING pc=0x000001bd97402b43 sp=0x0000008e158f9da8 mode 1
Event: 6402.552 Thread 0x000001bdab722330 DEOPT PACKING pc=0x000001bd987e4d24 sp=0x0000008e158fa360
Event: 6402.552 Thread 0x000001bdab722330 DEOPT UNPACKING pc=0x000001bd97402b43 sp=0x0000008e158f99d8 mode 1
Event: 6402.552 Thread 0x000001bdab722330 DEOPT PACKING pc=0x000001bd97558fd4 sp=0x0000008e158fa630
Event: 6402.552 Thread 0x000001bdab722330 DEOPT UNPACKING pc=0x000001bd97402b43 sp=0x0000008e158f9ef0 mode 1
Event: 6402.553 Thread 0x000001bdab722330 DEOPT PACKING pc=0x000001bd987e4d24 sp=0x0000008e158fa6e0
Event: 6402.553 Thread 0x000001bdab722330 DEOPT UNPACKING pc=0x000001bd97402b43 sp=0x0000008e158f9da8 mode 1
Event: 6402.553 Thread 0x000001bdab722330 DEOPT PACKING pc=0x000001bd987e4d24 sp=0x0000008e158fa6e0
Event: 6402.553 Thread 0x000001bdab722330 DEOPT UNPACKING pc=0x000001bd97402b43 sp=0x0000008e158f9da8 mode 1
Event: 6402.553 Thread 0x000001bdab722330 DEOPT PACKING pc=0x000001bd987e4d24 sp=0x0000008e158fa6e0
Event: 6402.553 Thread 0x000001bdab722330 DEOPT UNPACKING pc=0x000001bd97402b43 sp=0x0000008e158f9da8 mode 1
Event: 6402.557 Thread 0x000001bdab722330 DEOPT PACKING pc=0x000001bd97ac4eb4 sp=0x0000008e158fc300
Event: 6402.557 Thread 0x000001bdab722330 DEOPT UNPACKING pc=0x000001bd97402b43 sp=0x0000008e158fb838 mode 1
Event: 6402.557 Thread 0x000001bdab722330 DEOPT PACKING pc=0x000001bd97ac7634 sp=0x0000008e158fc3f0
Event: 6402.557 Thread 0x000001bdab722330 DEOPT UNPACKING pc=0x000001bd97402b43 sp=0x0000008e158fb998 mode 1
Event: 6402.557 Thread 0x000001bdab722330 DEOPT PACKING pc=0x000001bd978f258c sp=0x0000008e158fc550
Event: 6402.557 Thread 0x000001bdab722330 DEOPT UNPACKING pc=0x000001bd97402b43 sp=0x0000008e158fbb00 mode 1
Event: 6411.099 Thread 0x000001bdab722330 DEOPT PACKING pc=0x000001bd97942d7c sp=0x0000008e158fda00
Event: 6411.099 Thread 0x000001bdab722330 DEOPT UNPACKING pc=0x000001bd97402b43 sp=0x0000008e158fceb8 mode 0

Classes loaded (20 events):
Event: 6402.480 Loading class java/lang/ObjectCustomizer
Event: 6402.480 Loading class java/lang/ObjectCustomizer done
Event: 6402.481 Loading class java/lang/ObjectCustomizer
Event: 6402.481 Loading class java/lang/ObjectCustomizer done
Event: 6402.482 Loading class java/lang/ObjectCustomizer
Event: 6402.482 Loading class java/lang/ObjectCustomizer done
Event: 6402.482 Loading class java/lang/ObjectCustomizer
Event: 6402.482 Loading class java/lang/ObjectCustomizer done
Event: 6402.483 Loading class java/lang/ObjectCustomizer
Event: 6402.483 Loading class java/lang/ObjectCustomizer done
Event: 6402.483 Loading class java/lang/ObjectCustomizer
Event: 6402.483 Loading class java/lang/ObjectCustomizer done
Event: 6402.486 Loading class java/lang/ObjectCustomizer
Event: 6402.486 Loading class java/lang/ObjectCustomizer done
Event: 6402.486 Loading class java/lang/ObjectCustomizer
Event: 6402.486 Loading class java/lang/ObjectCustomizer done
Event: 6402.487 Loading class java/lang/ObjectCustomizer
Event: 6402.487 Loading class java/lang/ObjectCustomizer done
Event: 6402.487 Loading class java/lang/ObjectCustomizer
Event: 6402.487 Loading class java/lang/ObjectCustomizer done

Classes unloaded (20 events):
Event: 6373.128 Thread 0x000001bda6af34a0 Unloading class 0x0000000801731c00 'java/lang/invoke/LambdaForm$MH+0x0000000801731c00'
Event: 6373.128 Thread 0x000001bda6af34a0 Unloading class 0x000000080173ac00 'java/lang/invoke/LambdaForm$MH+0x000000080173ac00'
Event: 6373.128 Thread 0x000001bda6af34a0 Unloading class 0x0000000801400000 'java/lang/invoke/LambdaForm$MH+0x0000000801400000'
Event: 6373.128 Thread 0x000001bda6af34a0 Unloading class 0x0000000800e24000 'java/lang/invoke/LambdaForm$MH+0x0000000800e24000'
Event: 6373.128 Thread 0x000001bda6af34a0 Unloading class 0x0000000801598c00 'java/lang/invoke/LambdaForm$BMH+0x0000000801598c00'
Event: 6373.128 Thread 0x000001bda6af34a0 Unloading class 0x000000080163b400 'java/lang/invoke/LambdaForm$MH+0x000000080163b400'
Event: 6373.128 Thread 0x000001bda6af34a0 Unloading class 0x0000000801689c00 'java/lang/invoke/LambdaForm$MH+0x0000000801689c00'
Event: 6373.128 Thread 0x000001bda6af34a0 Unloading class 0x00000008016a1000 'java/lang/invoke/LambdaForm$MH+0x00000008016a1000'
Event: 6373.128 Thread 0x000001bda6af34a0 Unloading class 0x00000008016a9000 'java/lang/invoke/LambdaForm$MH+0x00000008016a9000'
Event: 6373.128 Thread 0x000001bda6af34a0 Unloading class 0x00000008016aa000 'java/lang/invoke/LambdaForm$MH+0x00000008016aa000'
Event: 6373.128 Thread 0x000001bda6af34a0 Unloading class 0x00000008016b1400 'java/lang/invoke/LambdaForm$MH+0x00000008016b1400'
Event: 6373.128 Thread 0x000001bda6af34a0 Unloading class 0x000000080150ec00 'java/lang/invoke/LambdaForm$MH+0x000000080150ec00'
Event: 6373.128 Thread 0x000001bda6af34a0 Unloading class 0x0000000801506c00 'java/lang/invoke/LambdaForm$MH+0x0000000801506c00'
Event: 6373.128 Thread 0x000001bda6af34a0 Unloading class 0x00000008015c8800 'java/lang/invoke/LambdaForm$MH+0x00000008015c8800'
Event: 6373.128 Thread 0x000001bda6af34a0 Unloading class 0x00000008015cac00 'java/lang/invoke/LambdaForm$MH+0x00000008015cac00'
Event: 6373.128 Thread 0x000001bda6af34a0 Unloading class 0x00000008015dec00 'java/lang/invoke/LambdaForm$MH+0x00000008015dec00'
Event: 6373.128 Thread 0x000001bda6af34a0 Unloading class 0x00000008015dfc00 'java/lang/invoke/LambdaForm$MH+0x00000008015dfc00'
Event: 6384.146 Thread 0x000001bda6af34a0 Unloading class 0x0000000801740800 'java/lang/invoke/LambdaForm$MH+0x0000000801740800'
Event: 6395.528 Thread 0x000001bda6af34a0 Unloading class 0x0000000801784000 'jdk/internal/reflect/GeneratedSerializationConstructorAccessor224'
Event: 6395.528 Thread 0x000001bda6af34a0 Unloading class 0x0000000801758000 'org/apache/catalina/loader/JdbcLeakPrevention'

Classes redefined (20 events):
Event: 5660.582 Thread 0x000001bda6af34a0 redefined class name=pe.edu.upc.SpringSecurityConfig, count=2
Event: 5660.582 Thread 0x000001bda6af34a0 redefined class name=pe.edu.upc.SpringSecurityConfig, count=2
Event: 5660.582 Thread 0x000001bda6af34a0 redefined class name=pe.edu.upc.SpringSecurityConfig, count=2
Event: 5660.582 Thread 0x000001bda6af34a0 redefined class name=pe.edu.upc.SpringSecurityConfig, count=2
Event: 5660.582 Thread 0x000001bda6af34a0 redefined class name=pe.edu.upc.SpringSecurityConfig, count=2
Event: 5660.582 Thread 0x000001bda6af34a0 redefined class name=pe.edu.upc.SpringSecurityConfig, count=2
Event: 5660.582 Thread 0x000001bda6af34a0 redefined class name=pe.edu.upc.SpringSecurityConfig, count=2
Event: 5660.582 Thread 0x000001bda6af34a0 redefined class name=pe.edu.upc.SpringSecurityConfig, count=2
Event: 5660.582 Thread 0x000001bda6af34a0 redefined class name=pe.edu.upc.SpringSecurityConfig, count=2
Event: 5660.582 Thread 0x000001bda6af34a0 redefined class name=pe.edu.upc.SpringSecurityConfig, count=2
Event: 5660.582 Thread 0x000001bda6af34a0 redefined class name=pe.edu.upc.SpringSecurityConfig, count=2
Event: 5660.582 Thread 0x000001bda6af34a0 redefined class name=pe.edu.upc.SpringSecurityConfig, count=2
Event: 5660.582 Thread 0x000001bda6af34a0 redefined class name=pe.edu.upc.SpringSecurityConfig, count=2
Event: 5660.582 Thread 0x000001bda6af34a0 redefined class name=pe.edu.upc.SpringSecurityConfig, count=2
Event: 5660.582 Thread 0x000001bda6af34a0 redefined class name=pe.edu.upc.SpringSecurityConfig, count=2
Event: 5660.582 Thread 0x000001bda6af34a0 redefined class name=pe.edu.upc.SpringSecurityConfig, count=2
Event: 5660.582 Thread 0x000001bda6af34a0 redefined class name=pe.edu.upc.SpringSecurityConfig, count=2
Event: 5660.582 Thread 0x000001bda6af34a0 redefined class name=pe.edu.upc.SpringSecurityConfig, count=2
Event: 5660.582 Thread 0x000001bda6af34a0 redefined class name=pe.edu.upc.SpringSecurityConfig, count=2
Event: 5660.582 Thread 0x000001bda6af34a0 redefined class name=pe.edu.upc.SpringSecurityConfig, count=2

Internal exceptions (20 events):
Event: 6402.447 Thread 0x000001bdab722330 Exception <a 'java/lang/ClassNotFoundException'{0x000000070836bf60}: java/lang/ObjectCustomizer> (0x000000070836bf60) 
thrown [t:\workspace\open\src\hotspot\share\classfile\systemDictionary.cpp, line 255]
Event: 6402.447 Thread 0x000001bdab722330 Exception <a 'java/lang/ClassNotFoundException'{0x0000000708373938}: pe/edu/upc/entity/RoleCustomizer> (0x0000000708373938) 
thrown [t:\workspace\open\src\hotspot\share\classfile\systemDictionary.cpp, line 255]
Event: 6402.467 Thread 0x000001bdab722330 Exception <a 'java/lang/ClassNotFoundException'{0x0000000707e83aa8}: java/lang/ObjectCustomizer> (0x0000000707e83aa8) 
thrown [t:\workspace\open\src\hotspot\share\classfile\systemDictionary.cpp, line 255]
Event: 6402.467 Thread 0x000001bdab722330 Exception <a 'java/lang/ClassNotFoundException'{0x0000000707e8b500}: pe/edu/upc/entity/BoletaCustomizer> (0x0000000707e8b500) 
thrown [t:\workspace\open\src\hotspot\share\classfile\systemDictionary.cpp, line 255]
Event: 6402.468 Thread 0x000001bdab722330 Exception <a 'java/lang/ClassNotFoundException'{0x0000000707edaa98}: java/lang/ObjectCustomizer> (0x0000000707edaa98) 
thrown [t:\workspace\open\src\hotspot\share\classfile\systemDictionary.cpp, line 255]
Event: 6402.469 Thread 0x000001bdab722330 Exception <a 'java/lang/ClassNotFoundException'{0x0000000707ee25e0}: pe/edu/upc/entity/SuscripcionCustomizer> (0x0000000707ee25e0) 
thrown [t:\workspace\open\src\hotspot\share\classfile\systemDictionary.cpp, line 255]
Event: 6402.469 Thread 0x000001bdab722330 Exception <a 'java/lang/ClassNotFoundException'{0x0000000707f0a448}: java/lang/ObjectCustomizer> (0x0000000707f0a448) 
thrown [t:\workspace\open\src\hotspot\share\classfile\systemDictionary.cpp, line 255]
Event: 6402.470 Thread 0x000001bdab722330 Exception <a 'java/lang/ClassNotFoundException'{0x0000000707f11e20}: pe/edu/upc/entity/PlanCustomizer> (0x0000000707f11e20) 
thrown [t:\workspace\open\src\hotspot\share\classfile\systemDictionary.cpp, line 255]
Event: 6402.471 Thread 0x000001bdab722330 Exception <a 'java/lang/ClassNotFoundException'{0x0000000707f7a638}: java/lang/ObjectCustomizer> (0x0000000707f7a638) 
thrown [t:\workspace\open\src\hotspot\share\classfile\systemDictionary.cpp, line 255]
Event: 6402.472 Thread 0x000001bdab722330 Exception <a 'java/lang/ClassNotFoundException'{0x0000000707f82110}: pe/edu/upc/entity/PacienteCustomizer> (0x0000000707f82110) 
thrown [t:\workspace\open\src\hotspot\share\classfile\systemDictionary.cpp, line 255]
Event: 6402.481 Thread 0x000001bdab722330 Exception <a 'java/lang/ClassNotFoundException'{0x0000000707d77778}: java/lang/ObjectCustomizer> (0x0000000707d77778) 
thrown [t:\workspace\open\src\hotspot\share\classfile\systemDictionary.cpp, line 255]
Event: 6402.481 Thread 0x000001bdab722330 Exception <a 'java/lang/ClassNotFoundException'{0x0000000707d7f4e0}: pe/edu/upc/entity/CalificacionDeLaSesionCustomizer> (0x0000000707d7f4e0) 
thrown [t:\workspace\open\src\hotspot\share\classfile\systemDictionary.cpp, line 255]
Event: 6402.482 Thread 0x000001bdab722330 Exception <a 'java/lang/ClassNotFoundException'{0x0000000707db9330}: java/lang/ObjectCustomizer> (0x0000000707db9330) 
thrown [t:\workspace\open\src\hotspot\share\classfile\systemDictionary.cpp, line 255]
Event: 6402.482 Thread 0x000001bdab722330 Exception <a 'java/lang/ClassNotFoundException'{0x0000000707dc0ed8}: pe/edu/upc/entity/SesionTerapiaCustomizer> (0x0000000707dc0ed8) 
thrown [t:\workspace\open\src\hotspot\share\classfile\systemDictionary.cpp, line 255]
Event: 6402.483 Thread 0x000001bdab722330 Exception <a 'java/lang/ClassNotFoundException'{0x0000000707dfb8e8}: java/lang/ObjectCustomizer> (0x0000000707dfb8e8) 
thrown [t:\workspace\open\src\hotspot\share\classfile\systemDictionary.cpp, line 255]
Event: 6402.484 Thread 0x000001bdab722330 Exception <a 'java/lang/ClassNotFoundException'{0x0000000707a03450}: pe/edu/upc/entity/PsicologoCustomizer> (0x0000000707a03450) 
thrown [t:\workspace\open\src\hotspot\share\classfile\systemDictionary.cpp, line 255]
Event: 6402.486 Thread 0x000001bdab722330 Exception <a 'java/lang/ClassNotFoundException'{0x0000000707ab0360}: java/lang/ObjectCustomizer> (0x0000000707ab0360) 
thrown [t:\workspace\open\src\hotspot\share\classfile\systemDictionary.cpp, line 255]
Event: 6402.486 Thread 0x000001bdab722330 Exception <a 'java/lang/ClassNotFoundException'{0x0000000707ab7fa8}: pe/edu/upc/entity/DocumentoDeTrabajoCustomizer> (0x0000000707ab7fa8) 
thrown [t:\workspace\open\src\hotspot\share\classfile\systemDictionary.cpp, line 255]
Event: 6402.487 Thread 0x000001bdab722330 Exception <a 'java/lang/ClassNotFoundException'{0x0000000707b04ed0}: java/lang/ObjectCustomizer> (0x0000000707b04ed0) 
thrown [t:\workspace\open\src\hotspot\share\classfile\systemDictionary.cpp, line 255]
Event: 6402.488 Thread 0x000001bdab722330 Exception <a 'java/lang/ClassNotFoundException'{0x0000000707b0c8a8}: pe/edu/upc/entity/TestCustomizer> (0x0000000707b0c8a8) 
thrown [t:\workspace\open\src\hotspot\share\classfile\systemDictionary.cpp, line 255]

VM Operations (20 events):
Event: 6404.544 Executing VM operation: GetObjectMonitorUsage done
Event: 6404.544 Executing VM operation: GetObjectMonitorUsage
Event: 6404.544 Executing VM operation: GetObjectMonitorUsage done
Event: 6404.544 Executing VM operation: GetObjectMonitorUsage
Event: 6404.544 Executing VM operation: GetObjectMonitorUsage done
Event: 6405.631 Executing VM operation: G1CollectForAllocation
Event: 6405.634 Executing VM operation: G1CollectForAllocation done
Event: 6405.656 Executing VM operation: G1Concurrent
Event: 6405.660 Executing VM operation: G1Concurrent done
Event: 6405.660 Executing VM operation: Cleanup
Event: 6405.661 Executing VM operation: Cleanup done
Event: 6405.668 Executing VM operation: G1Concurrent
Event: 6405.668 Executing VM operation: G1Concurrent done
Event: 6411.098 Executing VM operation: ChangeSingleStep
Event: 6411.098 Executing VM operation: ChangeSingleStep done
Event: 6411.099 Executing VM operation: ChangeSingleStep
Event: 6411.099 Executing VM operation: ChangeSingleStep done
Event: 6411.213 Executing VM operation: get/set locals
Event: 6411.213 Executing VM operation: get/set locals done
Event: 6411.432 Executing VM operation: G1CollectForAllocation

Events (20 events):
Event: 6401.574 Thread 0x000001bdae2555b0 Thread exited: 0x000001bdae2555b0
Event: 6401.574 Thread 0x000001bdab722330 Thread added: 0x000001bdab722330
Event: 6401.574 Thread 0x000001bdab71c2f0 Thread exited: 0x000001bdab71c2f0
Event: 6401.574 Thread 0x000001bdae258100 Thread exited: 0x000001bdae258100
Event: 6401.575 Thread 0x000001bdab722330 Thread exited: 0x000001bdab722330
Event: 6401.575 Thread 0x000001bdab722330 Thread added: 0x000001bdab722330
Event: 6401.666 Thread 0x000001bdab722800 Thread added: 0x000001bdab722800
Event: 6401.685 Thread 0x000001bdab722800 Thread exited: 0x000001bdab722800
Event: 6402.019 Thread 0x000001bdab71db00 Thread added: 0x000001bdab71db00
Event: 6402.019 Thread 0x000001bdab71dfd0 Thread added: 0x000001bdab71dfd0
Event: 6402.020 Thread 0x000001bdab720ff0 Thread added: 0x000001bdab720ff0
Event: 6402.137 Thread 0x000001bdab722800 Thread added: 0x000001bdab722800
Event: 6402.138 Thread 0x000001bdab71e4a0 Thread added: 0x000001bdab71e4a0
Event: 6402.238 Thread 0x000001bdab71f7e0 Thread added: 0x000001bdab71f7e0
Event: 6402.576 Thread 0x000001bdae9ea070 Thread added: 0x000001bdae9ea070
Event: 6402.576 Thread 0x000001bdae9ee240 Thread added: 0x000001bdae9ee240
Event: 6402.576 Thread 0x000001bdae9f0fd0 Thread added: 0x000001bdae9f0fd0
Event: 6407.614 Thread 0x000001bdae9f0fd0 Thread exited: 0x000001bdae9f0fd0
Event: 6407.614 Thread 0x000001bdae9ee240 Thread exited: 0x000001bdae9ee240
Event: 6407.647 Thread 0x000001bdab71f7e0 Thread exited: 0x000001bdab71f7e0


Dynamic libraries:
0x00007ff7219d0000 - 0x00007ff7219e0000 	C:\Program Files\Java\jdk-18\bin\javaw.exe
0x00007ff9dcc30000 - 0x00007ff9dce27000 	C:\Windows\SYSTEM32\ntdll.dll
0x00007ff9dc3d0000 - 0x00007ff9dc48d000 	C:\Windows\System32\KERNEL32.DLL
0x00007ff9da350000 - 0x00007ff9da61d000 	C:\Windows\System32\KERNELBASE.dll
0x00007ff9da620000 - 0x00007ff9da720000 	C:\Windows\System32\ucrtbase.dll
0x00007ff9c53f0000 - 0x00007ff9c540a000 	C:\Program Files\Java\jdk-18\bin\VCRUNTIME140.dll
0x00007ff9b8840000 - 0x00007ff9b8858000 	C:\Program Files\Java\jdk-18\bin\jli.dll
0x00007ff9dac90000 - 0x00007ff9dad3e000 	C:\Windows\System32\ADVAPI32.dll
0x00007ff9dc6a0000 - 0x00007ff9dc73e000 	C:\Windows\System32\msvcrt.dll
0x00007ff9db450000 - 0x00007ff9db4ec000 	C:\Windows\System32\sechost.dll
0x00007ff9db4f0000 - 0x00007ff9db615000 	C:\Windows\System32\RPCRT4.dll
0x00007ff9dba20000 - 0x00007ff9dbbc0000 	C:\Windows\System32\USER32.dll
0x00007ff9c7b10000 - 0x00007ff9c7daa000 	C:\Windows\WinSxS\amd64_microsoft.windows.common-controls_6595b64144ccf1df_6.0.19041.1110_none_60b5254171f9507e\COMCTL32.dll
0x00007ff9da7d0000 - 0x00007ff9da7f2000 	C:\Windows\System32\win32u.dll
0x00007ff9dc390000 - 0x00007ff9dc3ba000 	C:\Windows\System32\GDI32.dll
0x00007ff9daae0000 - 0x00007ff9dabeb000 	C:\Windows\System32\gdi32full.dll
0x00007ff9dabf0000 - 0x00007ff9dac8d000 	C:\Windows\System32\msvcp_win.dll
0x00007ff9d1950000 - 0x00007ff9d195a000 	C:\Windows\SYSTEM32\VERSION.dll
0x00007ff9dc5c0000 - 0x00007ff9dc5f0000 	C:\Windows\System32\IMM32.DLL
0x00007ff9c9970000 - 0x00007ff9c997c000 	C:\Program Files\Java\jdk-18\bin\vcruntime140_1.dll
0x00007ff939d30000 - 0x00007ff939dbd000 	C:\Program Files\Java\jdk-18\bin\msvcp140.dll
0x00007ff938a70000 - 0x00007ff939681000 	C:\Program Files\Java\jdk-18\bin\server\jvm.dll
0x00007ff9dcbe0000 - 0x00007ff9dcbe8000 	C:\Windows\System32\PSAPI.DLL
0x00007ff9c9800000 - 0x00007ff9c9809000 	C:\Windows\SYSTEM32\WSOCK32.dll
0x00007ff9d0220000 - 0x00007ff9d0247000 	C:\Windows\SYSTEM32\WINMM.dll
0x00007ff9dcb70000 - 0x00007ff9dcbdb000 	C:\Windows\System32\WS2_32.dll
0x00007ff9d8270000 - 0x00007ff9d8282000 	C:\Windows\SYSTEM32\kernel.appcore.dll
0x00007ff9c6e70000 - 0x00007ff9c6e7a000 	C:\Program Files\Java\jdk-18\bin\jimage.dll
0x00007ff9d19b0000 - 0x00007ff9d1b94000 	C:\Windows\SYSTEM32\DBGHELP.DLL
0x00007ff9c9fe0000 - 0x00007ff9ca00c000 	C:\Windows\SYSTEM32\dbgcore.DLL
0x00007ff9da800000 - 0x00007ff9da882000 	C:\Windows\System32\bcryptPrimitives.dll
0x00007ff9c3db0000 - 0x00007ff9c3deb000 	C:\Program Files\Java\jdk-18\bin\jdwp.dll
0x00007ff9d5060000 - 0x00007ff9d506e000 	C:\Program Files\Java\jdk-18\bin\instrument.dll
0x00007ff9a5f70000 - 0x00007ff9a5f95000 	C:\Program Files\Java\jdk-18\bin\java.dll
0x00007ff939c50000 - 0x00007ff939d26000 	C:\Program Files\Java\jdk-18\bin\jsvml.dll
0x00007ff9dbc40000 - 0x00007ff9dc384000 	C:\Windows\System32\SHELL32.dll
0x00007ff9d8470000 - 0x00007ff9d8c04000 	C:\Windows\SYSTEM32\windows.storage.dll
0x00007ff9dc810000 - 0x00007ff9dcb64000 	C:\Windows\System32\combase.dll
0x00007ff9d9db0000 - 0x00007ff9d9ddc000 	C:\Windows\SYSTEM32\Wldp.dll
0x00007ff9dc5f0000 - 0x00007ff9dc69d000 	C:\Windows\System32\SHCORE.dll
0x00007ff9db3f0000 - 0x00007ff9db445000 	C:\Windows\System32\shlwapi.dll
0x00007ff9da290000 - 0x00007ff9da2af000 	C:\Windows\SYSTEM32\profapi.dll
0x00007ff9d4b40000 - 0x00007ff9d4b4c000 	C:\Program Files\Java\jdk-18\bin\dt_socket.dll
0x00007ff9d9790000 - 0x00007ff9d97cb000 	C:\Windows\SYSTEM32\IPHLPAPI.DLL
0x00007ff9d9aa0000 - 0x00007ff9d9b0a000 	C:\Windows\system32\mswsock.dll
0x00007ff9d97d0000 - 0x00007ff9d989b000 	C:\Windows\SYSTEM32\DNSAPI.dll
0x00007ff9dc3c0000 - 0x00007ff9dc3c8000 	C:\Windows\System32\NSI.dll
0x00000000546e0000 - 0x0000000054706000 	C:\Program Files\Bonjour\mdnsNSP.dll
0x00007ff9d1280000 - 0x00007ff9d128a000 	C:\Windows\System32\rasadhlp.dll
0x00007ff9d1440000 - 0x00007ff9d14c0000 	C:\Windows\System32\fwpuclnt.dll
0x00007ff9daab0000 - 0x00007ff9daad7000 	C:\Windows\System32\bcrypt.dll
0x00007ff9a8a80000 - 0x00007ff9a8a98000 	C:\Program Files\Java\jdk-18\bin\zip.dll
0x00007ff9adbd0000 - 0x00007ff9adbe3000 	C:\Program Files\Java\jdk-18\bin\net.dll
0x00007ff9d1300000 - 0x00007ff9d140a000 	C:\Windows\SYSTEM32\WINHTTP.dll
0x00007ff9ad280000 - 0x00007ff9ad296000 	C:\Program Files\Java\jdk-18\bin\nio.dll
0x00007ff9c53e0000 - 0x00007ff9c53e9000 	C:\Program Files\Java\jdk-18\bin\management.dll
0x00007ff9c3ce0000 - 0x00007ff9c3ceb000 	C:\Program Files\Java\jdk-18\bin\management_ext.dll
0x00007ff9c74e0000 - 0x00007ff9c74f7000 	C:\Windows\system32\napinsp.dll
0x00007ff9c74c0000 - 0x00007ff9c74db000 	C:\Windows\system32\pnrpnsp.dll
0x00007ff9d4310000 - 0x00007ff9d4325000 	C:\Windows\system32\wshbth.dll
0x00007ff9d6140000 - 0x00007ff9d615d000 	C:\Windows\system32\NLAapi.dll
0x00007ff9c4e40000 - 0x00007ff9c4e52000 	C:\Windows\System32\winrnr.dll
0x00007ff9d9ca0000 - 0x00007ff9d9cb8000 	C:\Windows\SYSTEM32\CRYPTSP.dll
0x00007ff9d9420000 - 0x00007ff9d9454000 	C:\Windows\system32\rsaenh.dll
0x00007ff9da250000 - 0x00007ff9da27e000 	C:\Windows\SYSTEM32\USERENV.dll
0x00007ff9d9c90000 - 0x00007ff9d9c9c000 	C:\Windows\SYSTEM32\CRYPTBASE.dll
0x00007ff9d3b70000 - 0x00007ff9d3b87000 	C:\Windows\SYSTEM32\dhcpcsvc6.DLL
0x00007ff9d3b50000 - 0x00007ff9d3b6d000 	C:\Windows\SYSTEM32\dhcpcsvc.DLL
0x00007ff9c58e0000 - 0x00007ff9c58f0000 	C:\Program Files\Java\jdk-18\bin\verify.dll
0x00007ff9c3cd0000 - 0x00007ff9c3cde000 	C:\Program Files\Java\jdk-18\bin\sunmscapi.dll
0x00007ff9da900000 - 0x00007ff9daa56000 	C:\Windows\System32\CRYPT32.dll
0x00007ff9d9e20000 - 0x00007ff9d9e47000 	C:\Windows\SYSTEM32\ncrypt.dll
0x00007ff9d9de0000 - 0x00007ff9d9e1b000 	C:\Windows\SYSTEM32\NTASN1.dll

dbghelp: loaded successfully - version: 4.0.5 - missing functions: none
symbol engine: initialized successfully - sym options: 0x614 - pdb path: .;C:\Program Files\Java\jdk-18\bin;C:\Windows\SYSTEM32;C:\Windows\WinSxS\amd64_microsoft.windows.common-controls_6595b64144ccf1df_6.0.19041.1110_none_60b5254171f9507e;C:\Program Files\Java\jdk-18\bin\server;C:\Program Files\Bonjour

VM Arguments:
jvm_args: -XX:+ShowCodeDetailsInExceptionMessages -agentlib:jdwp=transport=dt_socket,suspend=y,address=localhost:15394 -Dcom.sun.management.jmxremote -Dcom.sun.management.jmxremote.port=27072 -Dcom.sun.management.jmxremote.authenticate=false -Dcom.sun.management.jmxremote.ssl=false -Djava.rmi.server.hostname=localhost -Dspring.jmx.enabled=true -Dspring.application.admin.enabled=true -XX:TieredStopAtLevel=1 -Dspring.boot.project.name=TB4 -javaagent:C:\Users\Pingorocho\eclipse\jee-2022-03\eclipse\configuration\org.eclipse.osgi\1390\0\.cp\lib\javaagent-shaded.jar -Dfile.encoding=UTF-8 
java_command: pe.edu.upc.Demo1Application
java_class_path (initial): D:\Program Files (x86)\eclipse-workspace\TB4\target\classes;C:\Users\Pingorocho\.m2\repository\org\springframework\boot\spring-boot-starter-data-jpa\2.1.9.RELEASE\spring-boot-starter-data-jpa-2.1.9.RELEASE.jar;C:\Users\Pingorocho\.m2\repository\org\springframework\boot\spring-boot-starter-aop\2.1.9.RELEASE\spring-boot-starter-aop-2.1.9.RELEASE.jar;C:\Users\Pingorocho\.m2\repository\org\aspectj\aspectjweaver\1.9.4\aspectjweaver-1.9.4.jar;C:\Users\Pingorocho\.m2\repository\org\springframework\boot\spring-boot-starter-jdbc\2.1.9.RELEASE\spring-boot-starter-jdbc-2.1.9.RELEASE.jar;C:\Users\Pingorocho\.m2\repository\com\zaxxer\HikariCP\3.2.0\HikariCP-3.2.0.jar;C:\Users\Pingorocho\.m2\repository\org\springframework\spring-jdbc\5.1.10.RELEASE\spring-jdbc-5.1.10.RELEASE.jar;C:\Users\Pingorocho\.m2\repository\javax\transaction\javax.transaction-api\1.3\javax.transaction-api-1.3.jar;C:\Users\Pingorocho\.m2\repository\javax\xml\bind\jaxb-api\2.3.1\jaxb-api-2.3.1.jar;C:\Users\Pingorocho\.m2\repository\javax\activation\javax.activation-api\1.2.0\javax.activation-api-1.2.0.jar;C:\Users\Pingorocho\.m2\repository\org\hibernate\hibernate-core\5.3.12.Final\hibernate-core-5.3.12.Final.jar;C:\Users\Pingorocho\.m2\repository\org\jboss\logging\jboss-logging\3.3.3.Final\jboss-logging-3.3.3.Final.jar;C:\Users\Pingorocho\.m2\repository\javax\persistence\javax.persistence-api\2.2\javax.persistence-api-2.2.jar;C:\Users\Pingorocho\.m2\repository\org\javassist\javassist\3.23.2-GA\javassist-3.23.2-GA.jar;C:\Users\Pingorocho\.m2\repository\net\bytebuddy\byte-buddy\1.9.16\byte-buddy-1.9.16.jar;C:\Users\Pingorocho\.m2\repository\antlr\antlr\2.7.7\antlr-2.7.7.jar;C:\Users\Pingorocho\.m2\repository\org\jboss\jandex\2.0.5.Final\jandex-2.0.5.Final.jar;C:\Users\Pingorocho\.m2\repository\com\fasterxml\classmate\1.4.0\classmate-1.4.0.jar;C:\Users\Pingorocho\.m2\repository\org\dom4j\dom4j\2.1.1\dom4j-2.1.1.jar;C:\Users\Pingorocho\.m2\repository\org\hibernate\common\hibernate-commons-annotations\5.0.4.Final\hibernate-commons-annotations-5.0.4.Final.jar;C:\Users\Pingorocho\.m2\repository\org\glassfish\jaxb\jaxb-runtime\2.3.1\jaxb-runtime-2.3.1.jar;C:\Users\Pingorocho\.m2\repository\org\glassfish\jaxb\txw2\2.3.1\txw2-2.3.1.jar;C:\Users\Pingorocho\.m2\repository\com\sun\istack\istack-commons-runtime\3.0.7\istack-commons-runtime-3.0.7.jar;C:\Users\Pingorocho\.m2\repository\org\jvnet\staxex\stax-ex\1.8\stax-ex-1.8.jar;C:\Users\Pingorocho\.m2\repository\com\sun\xml\fastinfoset\FastInfoset\1.2.15\FastInfoset-1.2.15.jar;C:\Users\Pingorocho\.m2\repository\org\springframework\data\spring-data-jpa\2.1.11.RELEASE\spring-data-jpa-2.1.11.RELEASE.jar;C:\Users\Pingorocho\.m2\repository\org\springframework\data\spring-data-commons\2.1.11.RELEASE\spring-data-commons-2.1.11.RELEASE.jar;C:\Users\Pingorocho\.m2\repository\org\springframework\spring-orm\5.1.10.RELEASE\spring-orm-5.1.10.RELEASE.jar;C:\Users\Pingorocho\.m2\repository\org\springframework\spring-context\5.1.10.RELEASE\spring-context-5.1.10.RELEASE.jar;C:\Users\Pingorocho\.m2\repository\org\springframework\spring-tx\5.1.10.RELEASE\spring-tx-5.1.10.RELEASE.jar;C:\Users\Pingorocho\.m2\repository\org\springframework\spring-beans\5.1.10.RELEASE\spring-beans-5.1.10.RELEASE.jar;C:\Users\Pingorocho\.m2\repository\org\springframework\spring-aspects\5.1.10.RELEASE\spring-aspects-5.1.10.RELEASE.jar;C:\Users\Pingorocho\.m2\repository\org\springframework\boot\spring-boot-starter-thymeleaf\2.1.9.RELEASE\spring-boot-starter-thymeleaf-2.1.9.RELEASE.jar;C:\Users\Pingorocho\.m2\repository\org\springframework\boot\spring-boot-starter\2.1.9.RELEASE\spring-boot-starter-2.1.9.RELEASE.jar;C:\Users\Pingorocho\.m2\repository\org\springframework\boot\spring-boot-starter-logging\2.1.9.RELEASE\spring-boot-starter-logging-2.1.9.RELEASE.jar;C:\Users\Pingorocho\.m2\repository\ch\qos\logback\logback-classic\1.2.3\logback-classic-1.2.3.jar;C:\Users\Pingorocho\.m2\repository\ch\qos\logback\logback-core\1.2.3\logback-core-1.2.3.jar;C:\Users\Pingorocho\.m2\repository\org\apache\logging\log4j\log4j-to-slf4j\2.11.2\log4j-to-slf4j-2.11.2.jar;C:\Users\Pingorocho\.m2\repository\org\apache\logging\log4j\log4j-api\2.11.2\log4j-api-2.11.2.jar;C:\Users\Pingorocho\.m2\repository\org\slf4j\jul-to-slf4j\1.7.28\jul-to-slf4j-1.7.28.jar;C:\Users\Pingorocho\.m2\repository\javax\annotation\javax.annotation-api\1.3.2\javax.annotation-api-1.3.2.jar;C:\Users\Pingorocho\.m2\repository\org\yaml\snakeyaml\1.23\snakeyaml-1.23.jar;C:\Users\Pingorocho\.m2\repository\org\thymeleaf\thymeleaf-spring5\3.0.11.RELEASE\thymeleaf-spring5-3.0.11.RELEASE.jar;C:\Users\Pingorocho\.m2\repository\org\thymeleaf\thymeleaf\3.0.11.RELEASE\thymeleaf-3.0.11.RELEASE.jar;C:\Users\Pingorocho\.m2\repository\org\attoparser\attoparser\2.0.5.RELEASE\attoparser-2.0.5.RELEASE.jar;C:\Users\Pingorocho\.m2\repository\org\unbescape\unbescape\1.1.6.RELEASE\unbescape-1.1.6.RELEASE.jar;C:\Users\Pingorocho\.m2\repository\org\thymeleaf\extras\thymeleaf-extras-java8time\3.0.4.RELEASE\thymeleaf-extras-java8time-3.0.4.RELEASE.jar;C:\Users\Pingorocho\.m2\repository\org\springframework\boot\spring-boot-starter-web\2.1.9.RELEASE\spring-boot-starter-web-2.1.9.RELEASE.jar;C:\Users\Pingorocho\.m2\repository\org\springframework\boot\spring-boot-starter-json\2.1.9.RELEASE\spring-boot-starter-json-2.1.9.RELEASE.jar;C:\Users\Pingorocho\.m2\repository\com\fasterxml\jackson\core\jackson-databind\2.9.9.3\jackson-databind-2.9.9.3.jar;C:\Users\Pingorocho\.m2\repository\com\fasterxml\jackson\core\jackson-annotations\2.9.0\jackson-annotations-2.9.0.jar;C:\Users\Pingorocho\.m2\repository\com\fasterxml\jackson\core\jackson-core\2.9.9\jackson-core-2.9.9.jar;C:\Users\Pingorocho\.m2\repository\com\fasterxml\jackson\datatype\jackson-datatype-jdk8\2.9.9\jackson-datatype-jdk8-2.9.9.jar;C:\Users\Pingorocho\.m2\repository\com\fasterxml\jackson\datatype\jackson-datatype-jsr310\2.9.9\jackson-datatype-jsr310-2.9.9.jar;C:\Users\Pingorocho\.m2\repository\com\fasterxml\jackson\module\jackson-module-parameter-names\2.9.9\jackson-module-parameter-names-2.9.9.jar;C:\Users\Pingorocho\.m2\repository\org\springframework\boot\spring-boot-starter-tomcat\2.1.9.RELEASE\spring-boot-starter-tomcat-2.1.9.RELEASE.jar;C:\Users\Pingorocho\.m2\repository\org\apache\tomcat\embed\tomcat-embed-core\9.0.26\tomcat-embed-core-9.0.26.jar;C:\Users\Pingorocho\.m2\repository\org\apache\tomcat\embed\tomcat-embed-websocket\9.0.26\tomcat-embed-websocket-9.0.26.jar;C:\Users\Pingorocho\.m2\repository\org\hibernate\validator\hibernate-validator\6.0.17.Final\hibernate-validator-6.0.17.Final.jar;C:\Users\Pingorocho\.m2\repository\javax\validation\validation-api\2.0.1.Final\validation-api-2.0.1.Final.jar;C:\Users\Pingorocho\.m2\repository\org\springframework\spring-web\5.1.10.RELEASE\spring-web-5.1.10.RELEASE.jar;C:\Users\Pingorocho\.m2\repository\org\springframework\spring-webmvc\5.1.10.RELEASE\spring-webmvc-5.1.10.RELEASE.jar;C:\Users\Pingorocho\.m2\repository\org\springframework\spring-expression\5.1.10.RELEASE\spring-expression-5.1.10.RELEASE.jar;C:\Users\Pingorocho\.m2\repository\org\postgresql\postgresql\42.2.8\postgresql-42.2.8.jar;C:\Users\Pingorocho\.m2\repository\org\springframework\spring-core\5.1.10.RELEASE\spring-core-5.1.10.RELEASE.jar;C:\Users\Pingorocho\.m2\repository\org\springframework\spring-jcl\5.1.10.RELEASE\spring-jcl-5.1.10.RELEASE.jar;C:\Users\Pingorocho\.m2\repository\org\springframework\boot\spring-boot-starter-security\2.1.9.RELEASE\spring-boot-starter-security-2.1.9.RELEASE.jar;C:\Users\Pingorocho\.m2\repository\org\springframework\spring-aop\5.1.10.RELEASE\spring-aop-5.1.10.RELEASE.jar;C:\Users\Pingorocho\.m2\repository\org\springframework\security\spring-security-config\5.1.6.RELEASE\spring-security-config-5.1.6.RELEASE.jar;C:\Users\Pingorocho\.m2\repository\org\springframework\security\spring-security-web\5.1.6.RELEASE\spring-security-web-5.1.6.RELEASE.jar;C:\Users\Pingorocho\.m2\repository\org\springframework\security\spring-security-core\5.1.6.RELEASE\spring-security-core-5.1.6.RELEASE.jar;C:\Users\Pingorocho\.m2\repository\org\springframework\boot\spring-boot-devtools\2.1.9.RELEASE\spring-boot-devtools-2.1.9.RELEASE.jar;C:\Users\Pingorocho\.m2\repository\org\springframework\boot\spring-boot\2.1.9.RELEASE\spring-boot-2.1.9.RELEASE.jar;C:\Users\Pingorocho\.m2\repository\org\springframework\boot\spring-boot-autoconfigure\2.1.9.RELEASE\spring-boot-autoconfigure-2.1.9.RELEASE.jar;C:\Users\Pingorocho\.m2\repository\org\springframework\boot\spring-boot-starter-validation\2.1.9.RELEASE\spring-boot-starter-validation-2.1.9.RELEASE.jar;C:\Users\Pingorocho\.m2\repository\org\apache\tomcat\embed\tomcat-embed-el\9.0.26\tomcat-embed-el-9.0.26.jar;C:\Users\Pingorocho\.m2\repository\org\thymeleaf\extras\thymeleaf-extras-springsecurity5\3.0.4.RELEASE\thymeleaf-extras-springsecurity5-3.0.4.RELEASE.jar;C:\Users\Pingorocho\.m2\repository\org\slf4j\slf4j-api\1.7.28\slf4j-api-1.7.28.jar
Launcher Type: SUN_STANDARD

[Global flags]
     intx CICompilerCount                          = 4                                         {product} {ergonomic}
     uint ConcGCThreads                            = 3                                         {product} {ergonomic}
     uint G1ConcRefinementThreads                  = 10                                        {product} {ergonomic}
   size_t G1HeapRegionSize                         = 2097152                                   {product} {ergonomic}
    uintx GCDrainStackTargetSize                   = 64                                        {product} {ergonomic}
   size_t InitialHeapSize                          = 268435456                                 {product} {ergonomic}
     bool ManagementServer                         = true                                      {product} {command line}
   size_t MarkStackSize                            = 4194304                                   {product} {ergonomic}
   size_t MaxHeapSize                              = 4276092928                                {product} {ergonomic}
   size_t MaxNewSize                               = 2564816896                                {product} {ergonomic}
   size_t MinHeapDeltaBytes                        = 2097152                                   {product} {ergonomic}
   size_t MinHeapSize                              = 8388608                                   {product} {ergonomic}
    uintx NonProfiledCodeHeapSize                  = 0                                      {pd product} {ergonomic}
     bool ProfileInterpreter                       = false                                  {pd product} {command line}
    uintx ProfiledCodeHeapSize                     = 0                                      {pd product} {ergonomic}
     bool ShowCodeDetailsInExceptionMessages       = true                                   {manageable} {command line}
   size_t SoftMaxHeapSize                          = 4276092928                             {manageable} {ergonomic}
     intx TieredStopAtLevel                        = 1                                         {product} {command line}
     bool UseCompressedClassPointers               = true                           {product lp64_product} {ergonomic}
     bool UseCompressedOops                        = true                           {product lp64_product} {ergonomic}
     bool UseG1GC                                  = true                                      {product} {ergonomic}
     bool UseLargePagesIndividualAllocation        = false                                  {pd product} {ergonomic}

Logging:
Log output configuration:
 #0: stdout all=warning uptime,level,tags foldmultilines=false
 #1: stderr all=off uptime,level,tags foldmultilines=false

Environment Variables:
JAVA_HOME=C:\Program Files\Java\jdk-18
PATH=C:\Program Files\Common Files\Oracle\Java\javapath;C:\Program Files (x86)\Common Files\Oracle\Java\javapath;C:\Windows\system32;C:\Windows;C:\Windows\System32\Wbem;C:\Windows\System32\WindowsPowerShell\v1.0\;C:\Windows\System32\OpenSSH\;C:\Program Files\Microsoft SQL Server\150\Tools\Binn\;C:\Program Files\Microsoft SQL Server\Client SDK\ODBC\170\Tools\Binn\;C:\Program Files\dotnet\;C:\Program Files\Java\jdk-18\bin;C:\apache-maven-3.8.5\bin;D:\Program Files\Git\cmd;C:\Program Files (x86)\dotnet\;C:\Program Files\MySQL\MySQL Shell 8.0\bin\;C:\Users\Pingorocho\AppData\Local\Microsoft\WindowsApps;C:\Users\Pingorocho\.dotnet\tools;D:\Program Files\heroku\bin;D:\Users\Pingorocho\AppData\Local\Programs\Microsoft VS Code\bin;C:\Users\Pingorocho\AppData\Local\GitHubDesktop\bin
USERNAME=Pingorocho
OS=Windows_NT
PROCESSOR_IDENTIFIER=AMD64 Family 23 Model 8 Stepping 2, AuthenticAMD



---------------  S Y S T E M  ---------------

OS:
 Windows 10 , 64 bit Build 19041 (10.0.19041.1741)
OS uptime: 0 days 21:01 hours

CPU: total 12 (initial active 12) (12 cores per cpu, 2 threads per core) family 23 model 8 stepping 2 microcode 0x0, cx8, cmov, fxsr, ht, mmx, 3dnowpref, sse, sse2, sse3, ssse3, sse4a, sse4.1, sse4.2, popcnt, lzcnt, tsc, tscinvbit, avx, avx2, aes, clmul, bmi1, bmi2, adx, sha, fma, vzeroupper, clflush, clflushopt

Memory: 4k page, system-wide physical 16310M (4770M free)
TotalPageFile size 29472M (AvailPageFile size 4222M)
current process WorkingSet (physical memory assigned to process): 323M, peak: 323M
current process commit charge ("private bytes"): 379M, peak: 390M

vm_info: Java HotSpot(TM) 64-Bit Server VM (18+36-2087) for windows-amd64 JRE (18+36-2087), built on Feb 15 2022 09:43:11 by "mach5one" with MS VC++ 16.8 / 16.9 (VS2019)

END.
